<?xml version="1.0" encoding="UTF-8"?>
<!-- Generated by org.testng.reporters.JUnitReportReporter -->
<testsuite hostname="GK007" name="com.datadriven.test.EHS_Observation_Test" tests="1" failures="0" timestamp="9 Jun 2020 13:00:47 GMT" time="196.157" errors="0">
  <testcase name="EHS_Observation" time="196.157" classname="com.datadriven.test.EHS_Observation_Test"/>
</testsuite> <!-- com.datadriven.test.EHS_Observation_Test -->
