<?xml version="1.0" encoding="UTF-8"?>
<!-- Generated by org.testng.reporters.JUnitReportReporter -->
<testsuite hostname="GK007" name="HardCodedSenario.Report_NearMiss_Test" tests="1" failures="0" timestamp="29 May 2020 07:53:41 GMT" time="186.985" errors="0">
  <testcase name="Incident_Review_operator_Investigation" time="186.985" classname="HardCodedSenario.Report_NearMiss_Test"/>
</testsuite> <!-- HardCodedSenario.Report_NearMiss_Test -->
