<?xml version="1.0" encoding="UTF-8"?>
<!-- Generated by org.testng.reporters.JUnitReportReporter -->
<testsuite hostname="GK007" name="com.datadriven.test.NearMiss_Review_InvestigationTeam_Test" tests="1" failures="0" timestamp="10 Jun 2020 05:55:54 GMT" time="211.025" errors="0">
  <testcase name="NearMiss_Review_InvestigationTeam" time="211.025" classname="com.datadriven.test.NearMiss_Review_InvestigationTeam_Test"/>
</testsuite> <!-- com.datadriven.test.NearMiss_Review_InvestigationTeam_Test -->
