<?xml version="1.0" encoding="UTF-8"?>
<!-- Generated by org.testng.reporters.JUnitReportReporter -->
<testsuite hostname="GK007" name="HardCodedSenario.EHS_Observation_Test" tests="1" failures="0" timestamp="21 May 2020 08:11:11 GMT" time="116.808" errors="0">
  <testcase name="EHS_ObserVation_Report_Employee" time="116.808" classname="HardCodedSenario.EHS_Observation_Test"/>
</testsuite> <!-- HardCodedSenario.EHS_Observation_Test -->
