<?xml version="1.0" encoding="UTF-8"?>
<!-- Generated by org.testng.reporters.JUnitReportReporter -->
<testsuite hostname="GK007" name="com.datadriven.test.Incident_Invstegation_Review_Plant_HEAD_Test" tests="1" failures="0" timestamp="10 Jun 2020 13:02:23 GMT" time="241.430" errors="0">
  <testcase name="Incident_Invstegation_Review_Plant_HEAD" time="241.430" classname="com.datadriven.test.Incident_Invstegation_Review_Plant_HEAD_Test"/>
</testsuite> <!-- com.datadriven.test.Incident_Invstegation_Review_Plant_HEAD_Test -->
