<?xml version="1.0" encoding="UTF-8"?>
<!-- Generated by org.testng.reporters.JUnitReportReporter -->
<testsuite hostname="GK007" name="HardCodedSenario.BBSObservation_Test" tests="1" failures="0" timestamp="4 Jun 2020 06:48:42 GMT" time="134.776" errors="0">
  <testcase name="Report_BBS_Observation" time="134.776" classname="HardCodedSenario.BBSObservation_Test"/>
</testsuite> <!-- HardCodedSenario.BBSObservation_Test -->
