<?xml version="1.0" encoding="UTF-8"?>
<!-- Generated by org.testng.reporters.JUnitReportReporter -->
<testsuite hostname="GK007" name="com.datadriven.test.NearMiss_Review_PlantEHSHead_Test" tests="1" failures="0" timestamp="10 Jun 2020 05:01:23 GMT" time="204.416" errors="0">
  <testcase name="NearMiss_Review_PlantEHSHead" time="204.416" classname="com.datadriven.test.NearMiss_Review_PlantEHSHead_Test"/>
</testsuite> <!-- com.datadriven.test.NearMiss_Review_PlantEHSHead_Test -->
