<?xml version="1.0" encoding="UTF-8"?>
<!-- Generated by org.testng.reporters.JUnitReportReporter -->
<testsuite hostname="GK007" name="HardCodedSenario.OtherTest" tests="1" failures="0" timestamp="23 May 2020 05:26:52 GMT" time="72.726" errors="0">
  <testcase name="Report_Incident_Employee" time="72.726" classname="HardCodedSenario.OtherTest"/>
</testsuite> <!-- HardCodedSenario.OtherTest -->
