<?xml version="1.0" encoding="UTF-8"?>
<!-- Generated by org.testng.reporters.JUnitReportReporter -->
<testsuite hostname="GK007" name="HardCodedSenario.Schedule_Meeting_Test" tests="1" failures="0" timestamp="1 Jun 2020 08:14:23 GMT" time="154.375" errors="0">
  <testcase name="Meeting_Completed" time="154.375" classname="HardCodedSenario.Schedule_Meeting_Test"/>
</testsuite> <!-- HardCodedSenario.Schedule_Meeting_Test -->
