<?xml version="1.0" encoding="UTF-8"?>
<!-- Generated by org.testng.reporters.JUnitReportReporter -->
<testsuite hostname="GK007" name="HardCodedSenario.EHS_Observation_Test" tests="1" failures="0" timestamp="8 Jun 2020 05:19:50 GMT" time="180.186" errors="0">
  <testcase name="EHS_ObserVation_Report_Employee" time="180.186" classname="HardCodedSenario.EHS_Observation_Test"/>
</testsuite> <!-- HardCodedSenario.EHS_Observation_Test -->
