<?xml version="1.0" encoding="UTF-8"?>
<!-- Generated by org.testng.reporters.JUnitReportReporter -->
<testsuite hostname="GK007" name="HardCodedSenario.Report_NearMiss_Test" tests="1" failures="0" timestamp="30 May 2020 06:14:37 GMT" time="192.253" errors="0">
  <testcase name="NearMiss_Invstegation_Review_Plant_HEAD" time="192.253" classname="HardCodedSenario.Report_NearMiss_Test"/>
</testsuite> <!-- HardCodedSenario.Report_NearMiss_Test -->
