<?xml version="1.0" encoding="UTF-8"?>
<!-- Generated by org.testng.reporters.JUnitReportReporter -->
<testsuite hostname="GK007" name="com.datadriven.test.NearMiss_Invstegation_Review_Plant_HEAD_Test" tests="1" failures="0" timestamp="10 Jun 2020 06:00:48 GMT" time="199.466" errors="0">
  <testcase name="NearMiss_Invstegation_Review_Plant_HEAD" time="199.466" classname="com.datadriven.test.NearMiss_Invstegation_Review_Plant_HEAD_Test"/>
</testsuite> <!-- com.datadriven.test.NearMiss_Invstegation_Review_Plant_HEAD_Test -->
