<?xml version="1.0" encoding="UTF-8"?>
<!-- Generated by org.testng.reporters.JUnitReportReporter -->
<testsuite hostname="GK007" name="HardCodedSenario.Report_Incident_Test" tests="7" failures="0" timestamp="28 May 2020 10:44:31 GMT" time="1271.080" errors="0">
  <testcase name="Incident_Invstegation_Review_Plant_HEAD" time="214.652" classname="HardCodedSenario.Report_Incident_Test"/>
  <testcase name="Incident_Review_HOD" time="164.902" classname="HardCodedSenario.Report_Incident_Test"/>
  <testcase name="Report_Incident_Employee" time="158.390" classname="HardCodedSenario.Report_Incident_Test"/>
  <testcase name="Incident_Review_PlantEHSHead" time="185.181" classname="HardCodedSenario.Report_Incident_Test"/>
  <testcase name="Incident_Invstegation_Review_O_M_Head" time="188.383" classname="HardCodedSenario.Report_Incident_Test"/>
  <testcase name="Incident_Review_operator_Investigation" time="173.980" classname="HardCodedSenario.Report_Incident_Test"/>
  <testcase name="Incident_Invstegation_Review_PlantEHSHead" time="185.592" classname="HardCodedSenario.Report_Incident_Test"/>
</testsuite> <!-- HardCodedSenario.Report_Incident_Test -->
