<?xml version="1.0" encoding="UTF-8"?>
<!-- Generated by org.testng.reporters.JUnitReportReporter -->
<testsuite hostname="GK007" name="com.datadriven.test.Incident_Invstegation_Review_O_M_Head_Test" tests="1" failures="0" timestamp="10 Jun 2020 12:40:53 GMT" time="235.084" errors="0">
  <testcase name="Incident_Invstegation_Review_O_M_Head" time="235.084" classname="com.datadriven.test.Incident_Invstegation_Review_O_M_Head_Test"/>
</testsuite> <!-- com.datadriven.test.Incident_Invstegation_Review_O_M_Head_Test -->
