<?xml version="1.0" encoding="UTF-8"?>
<!-- Generated by org.testng.reporters.JUnitReportReporter -->
<testsuite hostname="GK007" name="com.datadriven.test.Incident_Review_PlantEHSHead_Test" tests="1" failures="0" timestamp="10 Jun 2020 10:59:54 GMT" time="210.380" errors="0">
  <testcase name="Incident_Review_PlantEHSHead" time="210.380" classname="com.datadriven.test.Incident_Review_PlantEHSHead_Test"/>
</testsuite> <!-- com.datadriven.test.Incident_Review_PlantEHSHead_Test -->
