<?xml version="1.0" encoding="UTF-8"?>
<!-- Generated by org.testng.reporters.JUnitReportReporter -->
<testsuite hostname="GK007" name="HardCodedSenario.Schedule_Meeting_Test" tests="1" failures="0" timestamp="2 Jun 2020 07:11:22 GMT" time="143.389" errors="0">
  <testcase name="Meeting_cancel" time="143.389" classname="HardCodedSenario.Schedule_Meeting_Test"/>
</testsuite> <!-- HardCodedSenario.Schedule_Meeting_Test -->
