<?xml version="1.0" encoding="UTF-8"?>
<!-- Generated by org.testng.reporters.JUnitReportReporter -->
<testsuite hostname="GK007" name="com.datadriven.test.Incident_Review_Investigation_Team_Test" tests="1" failures="0" timestamp="10 Jun 2020 11:12:28 GMT" time="185.752" errors="0">
  <testcase name="Incident_Review_Investigation_Team" time="185.752" classname="com.datadriven.test.Incident_Review_Investigation_Team_Test"/>
</testsuite> <!-- com.datadriven.test.Incident_Review_Investigation_Team_Test -->
