<?xml version="1.0" encoding="UTF-8"?>
<!-- Generated by org.testng.reporters.JUnitReportReporter -->
<testsuite hostname="GK007" name="com.datadriven.test.Near_Miss_Test" tests="1" failures="0" timestamp="10 Jun 2020 05:01:23 GMT" time="172.288" errors="0">
  <testcase name="Report_NearMiss_Employee" time="172.288" classname="com.datadriven.test.Near_Miss_Test"/>
</testsuite> <!-- com.datadriven.test.Near_Miss_Test -->
