<?xml version="1.0" encoding="UTF-8"?>
<!-- Generated by org.testng.reporters.JUnitReportReporter -->
<testsuite hostname="GK007" name="com.datadriven.test.EHS_Observation_CAPAPerson_Test" tests="1" failures="0" timestamp="9 Jun 2020 13:00:47 GMT" time="131.677" errors="0">
  <testcase name="EHS_Observation_Review" time="131.677" classname="com.datadriven.test.EHS_Observation_CAPAPerson_Test"/>
</testsuite> <!-- com.datadriven.test.EHS_Observation_CAPAPerson_Test -->
