<?xml version="1.0" encoding="UTF-8"?>
<!-- Generated by org.testng.reporters.JUnitReportReporter -->
<testsuite hostname="GK007" name="com.datadriven.test.Incident_Invstegation_Review_PlantEHSHead_Test" tests="1" failures="0" timestamp="10 Jun 2020 12:21:53 GMT" time="202.381" errors="0">
  <testcase name="Incident_Invstegation_Review_PlantEHSHead" time="202.381" classname="com.datadriven.test.Incident_Invstegation_Review_PlantEHSHead_Test"/>
</testsuite> <!-- com.datadriven.test.Incident_Invstegation_Review_PlantEHSHead_Test -->
