<?xml version="1.0" encoding="UTF-8"?>
<!-- Generated by org.testng.reporters.JUnitReportReporter -->
<testsuite hostname="GK007" name="com.datadriven.test.Report_Incident_Employee_Test" tests="1" failures="0" timestamp="10 Jun 2020 09:34:10 GMT" time="169.057" errors="0">
  <testcase name="Report_Incident_Employee" time="169.057" classname="com.datadriven.test.Report_Incident_Employee_Test"/>
</testsuite> <!-- com.datadriven.test.Report_Incident_Employee_Test -->
