<?xml version="1.0" encoding="UTF-8"?>
<!-- Generated by org.testng.reporters.JUnitReportReporter -->
<testsuite hostname="GK007" name="com.datadriven.test.Incident_Review_HOD_Test" tests="1" failures="0" timestamp="10 Jun 2020 10:31:49 GMT" time="178.825" errors="0">
  <testcase name="Incident_Review_HOD" time="178.825" classname="com.datadriven.test.Incident_Review_HOD_Test"/>
</testsuite> <!-- com.datadriven.test.Incident_Review_HOD_Test -->
