<?xml version="1.0" encoding="UTF-8"?>
<!-- Generated by org.testng.reporters.JUnitReportReporter -->
<testsuite hostname="GK007" name="com.datadriven.test.NearMiss_Invstegation_Review_O_M_Head_Test" tests="1" failures="0" timestamp="10 Jun 2020 05:55:54 GMT" time="186.929" errors="0">
  <testcase name="NearMiss_Invstegation_Review_O_M_Head" time="186.929" classname="com.datadriven.test.NearMiss_Invstegation_Review_O_M_Head_Test"/>
</testsuite> <!-- com.datadriven.test.NearMiss_Invstegation_Review_O_M_Head_Test -->
