<?xml version="1.0" encoding="UTF-8"?>
<!-- Generated by org.testng.reporters.JUnitReportReporter -->
<testsuite hostname="GK007" name="HardCodedSenario.Report_Incident_Test" tests="1" failures="0" timestamp="27 May 2020 09:36:49 GMT" time="207.979" errors="0">
  <testcase name="Incident_Review_operator_Investigation" time="207.979" classname="HardCodedSenario.Report_Incident_Test"/>
</testsuite> <!-- HardCodedSenario.Report_Incident_Test -->
